number,value,datetime_start,datetime_complete,duration,params_colsample_bytree,params_learning_rate,params_max_depth,params_min_child_samples,params_n_estimators,params_num_leaves,params_reg_alpha,params_reg_lambda,params_subsample,user_attrs_best_iteration,user_attrs_mape,user_attrs_mda,state,mda,mape,best_iteration
157,0.033333333333333326,14:51.1,14:54.3,0 days 00:00:03.264541,0.6364563052012799,0.07060909631176301,5,17,1727,105,0.1613270764219817,1.0573089901214703e-06,0.6341330238643533,165,0.001890480458964336,0.9666666666666667,COMPLETE,0.9666666666666667,0.001890480458964336,165
158,0.19999999999999996,14:54.3,15:06.9,0 days 00:00:12.565576,0.5829510163565655,0.046000894112029046,11,12,1234,118,8.849034050199703e-07,1.0993139024104403e-05,0.7892054606664353,116,0.003181518951274898,0.8,COMPLETE,0.8,0.003181518951274898,116
159,0.0444444444444444,15:06.9,15:09.5,0 days 00:00:02.621907,0.6149131510938288,0.06463313353270751,3,25,1035,111,5.796041562160155e-08,6.784053353918475e-07,0.72471246575433,278,0.0018477497248800068,0.9555555555555556,COMPLETE,0.9555555555555556,0.0018477497248800068,278
160,0.0444444444444444,15:09.5,15:13.1,0 days 00:00:03.617850,0.5392277879714369,0.05437017670794955,12,88,1143,125,1.865096476884429,2.873725085486661e-07,0.6797657583357118,148,0.0024862512661801128,0.9555555555555556,COMPLETE,0.9555555555555556,0.0024862512661801128,148
161,0.022222222222222254,15:13.1,15:16.7,0 days 00:00:03.606654,0.5987178575328813,0.06542779348879672,4,18,1128,120,1.3932859459018296e-07,5.269992591083053e-07,0.6903968209180161,310,0.0019078189923864449,0.9777777777777777,COMPLETE,0.9777777777777777,0.0019078189923864449,310
162,0.033333333333333326,15:16.7,15:19.8,0 days 00:00:03.013872,0.5903297319368014,0.06248640974265252,4,22,1068,114,0.04135017205429652,1.8654817984480252e-06,0.7124501216056468,239,0.0020230713487653707,0.9666666666666667,COMPLETE,0.9666666666666667,0.0020230713487653707,239
163,0.022222222222222254,15:19.8,15:22.9,0 days 00:00:03.183015,0.5731367338571118,0.055875158860575876,4,18,1178,116,1.02551267391707,0.005797710895508203,0.6993013710900075,247,0.001711480105530343,0.9777777777777777,COMPLETE,0.9777777777777777,0.001711480105530343,247
164,0.0444444444444444,15:22.9,15:25.8,0 days 00:00:02.837649,0.6007482051214027,0.07698944703709004,5,15,1101,105,2.011995009915565e-07,0.000567370265128076,0.7342304169271064,130,0.00205810144215812,0.9555555555555556,COMPLETE,0.9555555555555556,0.00205810144215812,130
165,0.11111111111111116,15:25.8,15:27.5,0 days 00:00:01.727288,0.6281391076771682,0.12668845003831009,4,7,1014,156,3.1484983428672793e-07,7.599921424353456e-07,0.7485035651792726,79,0.001640926880060698,0.8888888888888888,COMPLETE,0.8888888888888888,0.001640926880060698,79
166,0.033333333333333326,15:27.5,15:30.3,0 days 00:00:02.745553,0.6123549573470449,0.069138676366258,3,19,967,93,0.09990790333976796,3.8965718635376755e-06,0.7219138930178965,318,0.001561754897189579,0.9666666666666667,COMPLETE,0.9666666666666667,0.001561754897189579,318
167,0.033333333333333326,15:30.3,15:33.7,0 days 00:00:03.467827,0.5876914224522701,0.0600368599967058,4,23,1209,101,0.24097684663404778,8.337549503587117e-08,0.7617401007734498,303,0.0016912571253085691,0.9666666666666667,COMPLETE,0.9666666666666667,0.0016912571253085691,303
168,0.05555555555555558,15:33.7,15:40.7,0 days 00:00:06.931852,0.5523468537962692,0.0511424452498256,10,50,1145,83,4.5410243214685895e-07,1.2591796181685108e-06,0.6602160448231986,320,0.002476986734165921,0.9444444444444444,COMPLETE,0.9444444444444444,0.002476986734165921,320
169,0.033333333333333326,15:40.7,15:44.0,0 days 00:00:03.343757,0.5651660712049413,0.04235156791631017,4,13,1276,139,5.92706605782851e-07,5.37090025783469e-07,0.7418747776102868,232,0.002008363470613896,0.9666666666666667,COMPLETE,0.9666666666666667,0.002008363470613896,232
170,0.011111111111111072,15:44.0,15:47.9,0 days 00:00:03.924667,0.5967526531881668,0.047596085945737686,3,21,1053,123,0.060825521898947695,3.4778870770763873e-07,0.5758927941202974,508,0.0015371757486551732,0.9888888888888889,COMPLETE,0.9888888888888889,0.0015371757486551732,508
171,0.022222222222222254,15:47.9,15:52.4,0 days 00:00:04.507306,0.5971944943868952,0.045655467518998856,3,20,1059,128,0.05013619994686593,3.1401468026023396e-07,0.5561429793453196,603,0.0016292724620283966,0.9777777777777777,COMPLETE,0.9777777777777777,0.0016292724620283966,603
172,0.033333333333333326,15:52.4,15:55.7,0 days 00:00:03.243279,0.5768343998845307,0.047805201112843386,3,16,1100,123,0.08297955224814815,2.1637850410065622e-07,0.6074571822247165,395,0.0016431031597473956,0.9666666666666667,COMPLETE,0.9666666666666667,0.0016431031597473956,395
173,0.022222222222222254,15:55.7,15:58.5,0 days 00:00:02.773661,0.6072558827672977,0.05839701510522767,4,22,1022,116,0.020417106426062946,1.2340442366233885e-07,0.5764225729525473,206,0.0017389818036943555,0.9777777777777777,COMPLETE,0.9777777777777777,0.0017389818036943555,206
174,0.033333333333333326,15:58.5,16:01.4,0 days 00:00:02.944107,0.6176475872516626,0.04013231575694669,3,17,926,108,3.0845288924839674e-07,3.6471722920467996e-07,0.5999184601840861,341,0.001506155434296076,0.9666666666666667,COMPLETE,0.9666666666666667,0.001506155434296076,341
175,0.033333333333333326,16:01.4,16:04.4,0 days 00:00:02.963735,0.5844518011697097,0.05329194874384984,4,27,1069,131,0.48420622288642623,8.853573821055058e-07,0.7555255705110008,205,0.0022822677106315243,0.9666666666666667,COMPLETE,0.9666666666666667,0.0022822677106315243,205
176,0.0444444444444444,16:04.4,16:07.2,0 days 00:00:02.800447,0.6478406789325366,0.03457693034397058,3,21,983,97,0.01051341688162043,6.604925228932897e-06,0.8070398854195235,295,0.00138201441306616,0.9555555555555556,COMPLETE,0.9555555555555556,0.00138201441306616,295
177,0.0444444444444444,16:07.2,16:09.7,0 days 00:00:02.499713,0.5957839666426484,0.06490425235951552,4,24,1137,109,1.5580105698271642e-06,0.00024140302003102654,0.7118472787629619,166,0.0018597128747610831,0.9555555555555556,COMPLETE,0.9555555555555556,0.0018597128747610831,166
178,0.033333333333333326,16:09.7,16:12.4,0 days 00:00:02.759748,0.6224119965111817,0.050798989455197084,3,36,1029,122,0.06622164796958892,1.6125780919435062e-07,0.5674995830797074,314,0.001918729967321057,0.9666666666666667,COMPLETE,0.9666666666666667,0.001918729967321057,314
179,0.022222222222222254,16:12.4,16:14.6,0 days 00:00:02.136089,0.5785043651865677,0.1155326382026864,4,19,1207,114,0.030559563439726104,5.203816697295492e-07,0.6937733303997858,146,0.002120418071565458,0.9777777777777777,COMPLETE,0.9777777777777777,0.002120418071565458,146
180,0.0888888888888889,16:14.6,16:18.3,0 days 00:00:03.697951,0.6075814342133355,0.08224566813771915,5,14,1171,134,0.1322489391828043,3.7934894602730524e-05,0.5886823689006699,209,0.001997320364860623,0.9111111111111111,COMPLETE,0.9111111111111111,0.001997320364860623,209
181,0.0444444444444444,16:18.3,16:21.7,0 days 00:00:03.431226,0.557906674788151,0.04647891592649711,4,10,1001,88,5.1799450764092265,2.1510686493347593e-05,0.7358083135091744,231,0.0018665714055352538,0.9555555555555556,COMPLETE,0.9555555555555556,0.0018665714055352538,231
182,0.05555555555555558,16:21.7,16:25.0,0 days 00:00:03.279802,0.5526799326934273,0.04322726833462642,4,10,895,91,6.773481670076649,1.64685624331298e-05,0.7307982306232508,223,0.0020201578600584874,0.9444444444444444,COMPLETE,0.9444444444444444,0.0020201578600584874,223
183,0.033333333333333326,16:25.0,16:28.1,0 days 00:00:03.138384,0.5182511012861661,0.05792015955985549,4,16,1104,104,2.7487023199492464,0.017287546232213714,0.9063502861316928,247,0.0016817241682711393,0.9666666666666667,COMPLETE,0.9666666666666667,0.0016817241682711393,247
184,0.0444444444444444,16:28.1,16:30.1,0 days 00:00:02.013946,0.5682137489191545,0.04369214949196329,4,93,1054,97,1.416028382069743,2.184046756585468e-05,0.7236809896841502,123,0.002572487030086394,0.9555555555555556,COMPLETE,0.9555555555555556,0.002572487030086394,123
185,0.0444444444444444,16:30.1,16:33.6,0 days 00:00:03.429485,0.5942506166824626,0.03925420644046039,3,5,953,102,2.6103602927790056e-06,9.362840320074615e-06,0.7748424411230854,390,0.0015099134818519593,0.9555555555555556,COMPLETE,0.9555555555555556,0.0015099134818519593,390
186,0.06666666666666665,16:33.6,16:40.1,0 days 00:00:06.554710,0.58254418493909,0.03664190025452487,5,11,993,88,0.684173862333533,9.684718599939825e-05,0.7460558865361109,367,0.0019142078951812005,0.9333333333333333,COMPLETE,0.9333333333333333,0.0019142078951812005,367
187,0.1333333333333333,16:40.1,16:52.9,0 days 00:00:12.793125,0.5355836515679127,0.05399344628332131,14,18,1072,112,0.3324495373474695,2.843205723946628e-06,0.6199218317479215,276,0.003326477568320173,0.8666666666666667,COMPLETE,0.8666666666666667,0.003326477568320173,276
188,0.033333333333333326,16:52.9,16:56.3,0 days 00:00:03.384860,0.591278532348566,0.04865426423341025,4,21,1122,119,2.3074035983200525,5.2484814240655654e-05,0.6861022799941194,251,0.0018377731654528047,0.9666666666666667,COMPLETE,0.9666666666666667,0.0018377731654528047,251
189,0.0444444444444444,16:56.3,16:59.4,0 days 00:00:03.117521,0.6024991494540413,0.0629401531976795,3,13,1030,78,4.03914084605852,1.3708444944570546e-06,0.7032242943631835,380,0.0014672134845838453,0.9555555555555556,COMPLETE,0.9555555555555556,0.0014672134845838453,380
190,0.0444444444444444,16:59.4,17:01.9,0 days 00:00:02.474012,0.5718042615092033,0.0699113512421953,4,15,848,93,8.09342730886046,4.778630257358149e-06,0.6432012954772669,147,0.0020276145267923967,0.9555555555555556,COMPLETE,0.9555555555555556,0.0020276145267923967,147
191,0.022222222222222254,17:01.9,17:05.4,0 days 00:00:03.486840,0.5885133577848527,0.05021186487089128,4,15,1093,108,0.8307705104528808,2.4768713318687473e-06,0.589553032205087,274,0.001965752854973397,0.9777777777777777,COMPLETE,0.9777777777777777,0.001965752854973397,274
192,0.0444444444444444,17:05.4,17:08.7,0 days 00:00:03.334791,0.6106405681431345,0.04467351569452045,4,18,1778,107,1.1276264160601324,2.2250651133974466e-06,0.5832631787986912,235,0.0017171793663795822,0.9555555555555556,COMPLETE,0.9555555555555556,0.0017171793663795822,235
193,0.022222222222222254,17:08.7,17:11.5,0 days 00:00:02.757634,0.5870610015658431,0.05638765826331963,4,20,1844,115,1.2415702053410496,4.869778067467137e-06,0.5701545707799968,186,0.002026234039102532,0.9777777777777777,COMPLETE,0.9777777777777777,0.002026234039102532,186
194,0.022222222222222254,17:11.5,17:14.7,0 days 00:00:03.260176,0.5625304640576785,0.04937592419059957,4,16,1885,99,0.450858019439387,1.03521799808204e-06,0.5983192654038147,248,0.001765279275682513,0.9777777777777777,COMPLETE,0.9777777777777777,0.001765279275682513,248
195,0.0888888888888889,17:14.7,17:19.2,0 days 00:00:04.455653,0.5982964829351519,0.05277168306674167,5,12,1950,126,0.8197403130027349,1.4706554597265327e-05,0.7377096475832225,217,0.001975855597438057,0.9111111111111111,COMPLETE,0.9111111111111111,0.001975855597438057,217
196,0.033333333333333326,17:19.2,17:21.8,0 days 00:00:02.580909,0.5751798572309991,0.0605736198541962,3,24,1775,105,0.22848534525603376,1.8305749772004741e-06,0.716565590808391,294,0.001751304275537987,0.9666666666666667,COMPLETE,0.9666666666666667,0.001751304275537987,294
197,0.033333333333333326,17:21.8,17:24.9,0 days 00:00:03.156285,0.6296326256664585,0.04638207683518398,4,14,1927,120,1.9316437249208869,0.0018048648425772107,0.7307303245347786,209,0.001830680065517258,0.9666666666666667,COMPLETE,0.9666666666666667,0.001830680065517258,209
198,0.033333333333333326,17:24.9,17:28.0,0 days 00:00:03.045228,0.617857433424554,0.06668692437012748,3,17,1157,112,0.3299163897616207,4.100547022730111e-07,0.7561118277593327,377,0.0014772297355400636,0.9666666666666667,COMPLETE,0.9666666666666667,0.0014772297355400636,377
199,0.0444444444444444,17:28.0,17:30.5,0 days 00:00:02.508723,0.5489346192362645,0.05702546502412001,4,63,992,110,0.044619914384822615,8.922563964123242e-06,0.8397754092231182,207,0.0019377627997662617,0.9555555555555556,COMPLETE,0.9555555555555556,0.0019377627997662617,207
